[2022-02-10T07:35:10.939] [WARN] loggerFile - url: /socket.io/socket.io.js - method: GET
[2022-02-10T07:35:11.120] [WARN] loggerFile - url: /favicon.ico - method: GET
[2022-02-10T07:48:01.474] [ERROR] loggerFile - url: /productos-test - method: GET
[2022-02-10T07:48:09.018] [WARN] loggerFile - url: /api/productos-test - method: GET
[2022-02-10T07:48:09.573] [WARN] loggerFile - url: /images/icons/gear.png - method: GET
[2022-02-10T07:48:20.423] [ERROR] loggerFile - url: /productos-test - method: GET
[2022-02-10T07:48:50.136] [ERROR] loggerFile - url: /productos-test - method: GET
[2022-02-10T07:49:24.938] [ERROR] loggerFile - url: /productos-test - method: GET
[2022-02-10T07:49:54.528] [ERROR] loggerFile - url: /productos-test - method: GET
[2022-02-10T08:43:26.313] [ERROR] loggerFile - url: /productos-test - method: GET
[2022-02-10T08:44:15.220] [ERROR] loggerFile - url: /productos-test - method: GET
[2022-02-10T08:46:30.935] [ERROR] loggerFile - url: /productos-test - method: GET
[2022-02-10T08:47:47.631] [ERROR] loggerFile - url: /productos-test - method: GET
[2022-02-10T08:48:32.281] [WARN] loggerFile - url: /images/icons/gear.png - method: GET
[2022-02-10T08:50:12.931] [ERROR] loggerFile - url: /productos-test - method: GET
[2022-02-10T08:54:44.727] [ERROR] loggerFile - url: /productos-test - method: GET
[2022-02-10T09:04:31.993] [ERROR] loggerFile - url: /productos-test - method: GET
[2022-02-10T09:04:37.921] [ERROR] loggerFile - url: /productos-test - method: GET
[2022-02-10T09:06:59.813] [WARN] loggerFile - url: /images/icons/gear.png - method: GET
[2022-02-10T09:07:20.061] [ERROR] loggerFile - url: /productos-test - method: GET
[2022-02-10T09:08:30.141] [ERROR] loggerFile - url: /productos-test - method: GET
[2022-02-10T09:09:16.556] [ERROR] loggerFile - url: /productos-test - method: GET
[2022-02-10T09:10:10.294] [ERROR] loggerFile - url: /productos-test - method: GET
[2022-02-10T09:11:21.246] [WARN] loggerFile - url: /images/icons/gear.png - method: GET
[2022-02-10T09:11:52.919] [WARN] loggerFile - url: /images/icons/gear.png - method: GET
[2022-02-10T09:21:13.852] [WARN] loggerFile - url: /api/productos-test - method: GET
[2022-02-10T09:21:14.451] [WARN] loggerFile - url: /images/icons/gear.png - method: GET
[2022-02-10T09:23:04.958] [WARN] loggerFile - url: /api/productos-test - method: GET
[2022-02-10T09:23:05.755] [WARN] loggerFile - url: /images/icons/gear.png - method: GET
[2022-02-10T09:23:38.528] [WARN] loggerFile - url: /images/icons/gear.png - method: GET
[2022-02-10T09:45:24.944] [WARN] loggerFile - url: /images/icons/gear.png - method: GET
[2022-02-10T10:30:45.783] [ERROR] loggerFile - url: /api/productos-test - method: GET
[2022-02-10T10:30:59.244] [ERROR] loggerFile - url: /api/productos-test - method: GET
[2022-02-10T10:32:01.686] [WARN] loggerFile - url: /images/icons/gear.png - method: GET
[2022-02-10T10:37:12.661] [WARN] loggerFile - url: /socket.io/socket.io.js - method: GET
[2022-02-10T10:48:42.234] [WARN] loggerFile - url: /api/login - method: POST
[2022-02-10T10:48:42.624] [WARN] loggerFile - url: /images/icons/gear.png - method: GET
[2022-02-10T10:53:42.628] [WARN] loggerFile - url: /socket.io/socket.io.js - method: GET
[2022-02-10T10:56:02.743] [WARN] loggerFile - url: /socket.io/socket.io.js - method: GET
[2022-02-10T10:56:21.496] [WARN] loggerFile - url: /socket.io/socket.io.js - method: GET
[2022-02-10T10:56:54.453] [WARN] loggerFile - url: /socket.io/socket.io.js - method: GET
[2022-02-10T10:57:02.485] [WARN] loggerFile - url: /dede - method: GET
[2022-02-10T10:57:03.507] [WARN] loggerFile - url: /socket.io/socket.io.js - method: GET
[2022-02-10T10:57:46.698] [WARN] loggerFile - url: / - method: GET
[2022-02-10T10:57:47.281] [WARN] loggerFile - url: /images/icons/gear.png - method: GET
[2022-02-10T10:57:52.758] [WARN] loggerFile - url: /dede - method: GET
[2022-02-10T10:57:52.762] [WARN] loggerFile - url: /socket.io/socket.io.js - method: GET
[2022-02-10T10:57:53.462] [WARN] loggerFile - url: /socket.io/socket.io.js - method: GET
[2022-02-10T10:58:17.575] [WARN] loggerFile - url: /api/persons - method: GET
[2022-02-10T10:58:18.138] [WARN] loggerFile - url: /images/icons/gear.png - method: GET
[2022-02-10T10:58:54.739] [WARN] loggerFile - url: /images/icons/gear.png - method: GET
[2022-02-10T11:16:47.975] [WARN] loggerFile - url: /images/icons/gear.png - method: GET
